<?xml version="1.0" encoding="UTF-8"?>
<robot generator="Robot 3.1.2 (Python 3.8.2 on win32)" generated="20200315 11:14:54.997" rpa="false">
<suite id="s1" name="Login" source="C:\QANinja\Bikelov\login.robot">
<test id="s1-t1" name="Usuário consegue logar">
<kw name="Dado que acesso o Website">
<kw name="Open Browser" library="SeleniumLibrary">
<doc>Opens a new browser instance to the optional ``url``.</doc>
<arguments>
<arg>https://bikelov.herokuapp.com/</arg>
<arg>chrome</arg>
</arguments>
<msg timestamp="20200315 11:14:59.232" level="INFO">Opening browser 'chrome' to base url 'https://bikelov.herokuapp.com/'.</msg>
<status status="PASS" starttime="20200315 11:14:59.232" endtime="20200315 11:15:16.785"></status>
</kw>
<kw name="Set Selenium Implicit Wait" library="SeleniumLibrary">
<doc>Sets the implicit wait value used by Selenium.</doc>
<arguments>
<arg>5</arg>
</arguments>
<status status="PASS" starttime="20200315 11:15:16.785" endtime="20200315 11:15:16.787"></status>
</kw>
<status status="PASS" starttime="20200315 11:14:59.232" endtime="20200315 11:15:16.787"></status>
</kw>
<kw name="Quando eu submeto minha credencial de login &quot;eu@papito.io&quot;">
<kw name="Input Text" library="SeleniumLibrary">
<doc>Types the given ``text`` into the text field identified by ``locator``.</doc>
<arguments>
<arg>id:email</arg>
<arg>${email}</arg>
</arguments>
<msg timestamp="20200315 11:15:16.787" level="INFO">Typing text 'eu@papito.io' into text field 'id:email'.</msg>
<status status="PASS" starttime="20200315 11:15:16.787" endtime="20200315 11:15:17.163"></status>
</kw>
<kw name="Click Element" library="SeleniumLibrary">
<doc>Click the element identified by ``locator``.</doc>
<arguments>
<arg>xpath://button[contains(text(), 'Entrar')]</arg>
</arguments>
<msg timestamp="20200315 11:15:17.164" level="INFO">Clicking element 'xpath://button[contains(text(), 'Entrar')]'.</msg>
<status status="PASS" starttime="20200315 11:15:17.164" endtime="20200315 11:15:17.251"></status>
</kw>
<status status="PASS" starttime="20200315 11:15:16.787" endtime="20200315 11:15:17.251"></status>
</kw>
<kw name="Então a área logada deve ser exibida">
<kw name="Page Should Contain Element" library="SeleniumLibrary">
<doc>Verifies that element ``locator`` is found on the current page.</doc>
<arguments>
<arg>class:dashboard</arg>
</arguments>
<msg timestamp="20200315 11:15:17.569" level="INFO">Current page contains element 'class:dashboard'.</msg>
<status status="PASS" starttime="20200315 11:15:17.252" endtime="20200315 11:15:17.569"></status>
</kw>
<status status="PASS" starttime="20200315 11:15:17.252" endtime="20200315 11:15:17.570"></status>
</kw>
<kw name="E saio do Website">
<kw name="Close Browser" library="SeleniumLibrary">
<doc>Closes the current browser.</doc>
<status status="PASS" starttime="20200315 11:15:17.571" endtime="20200315 11:15:20.001"></status>
</kw>
<status status="PASS" starttime="20200315 11:15:17.571" endtime="20200315 11:15:20.001"></status>
</kw>
<status status="PASS" starttime="20200315 11:14:59.232" endtime="20200315 11:15:20.001" critical="yes"></status>
</test>
<test id="s1-t2" name="Usuário não loga com email incorreto">
<kw name="Dado que acesso o Website">
<kw name="Open Browser" library="SeleniumLibrary">
<doc>Opens a new browser instance to the optional ``url``.</doc>
<arguments>
<arg>https://bikelov.herokuapp.com/</arg>
<arg>chrome</arg>
</arguments>
<msg timestamp="20200315 11:15:20.068" level="INFO">Opening browser 'chrome' to base url 'https://bikelov.herokuapp.com/'.</msg>
<status status="PASS" starttime="20200315 11:15:20.066" endtime="20200315 11:15:25.299"></status>
</kw>
<kw name="Set Selenium Implicit Wait" library="SeleniumLibrary">
<doc>Sets the implicit wait value used by Selenium.</doc>
<arguments>
<arg>5</arg>
</arguments>
<status status="PASS" starttime="20200315 11:15:25.299" endtime="20200315 11:15:25.302"></status>
</kw>
<status status="PASS" starttime="20200315 11:15:20.064" endtime="20200315 11:15:25.303"></status>
</kw>
<kw name="Quando eu submeto minha credencial de login &quot;eupapito.io&quot;">
<kw name="Input Text" library="SeleniumLibrary">
<doc>Types the given ``text`` into the text field identified by ``locator``.</doc>
<arguments>
<arg>id:email</arg>
<arg>${email}</arg>
</arguments>
<msg timestamp="20200315 11:15:25.305" level="INFO">Typing text 'eupapito.io' into text field 'id:email'.</msg>
<status status="PASS" starttime="20200315 11:15:25.305" endtime="20200315 11:15:25.579"></status>
</kw>
<kw name="Click Element" library="SeleniumLibrary">
<doc>Click the element identified by ``locator``.</doc>
<arguments>
<arg>xpath://button[contains(text(), 'Entrar')]</arg>
</arguments>
<msg timestamp="20200315 11:15:25.580" level="INFO">Clicking element 'xpath://button[contains(text(), 'Entrar')]'.</msg>
<status status="PASS" starttime="20200315 11:15:25.580" endtime="20200315 11:15:25.672"></status>
</kw>
<status status="PASS" starttime="20200315 11:15:25.304" endtime="20200315 11:15:25.672"></status>
</kw>
<kw name="Então devo ver a mensagem de alerta &quot;Oops. Informe um email válido!&quot;">
<kw name="Element Text Should Be" library="SeleniumLibrary">
<doc>Verifies that element ``locator`` contains exact the text ``expected``.</doc>
<arguments>
<arg>class:alert-dark</arg>
<arg>${expect_message}</arg>
</arguments>
<msg timestamp="20200315 11:15:25.673" level="INFO">Verifying element 'class:alert-dark' contains exact text 'Oops. Informe um email válido!'.</msg>
<status status="PASS" starttime="20200315 11:15:25.673" endtime="20200315 11:15:25.753"></status>
</kw>
<status status="PASS" starttime="20200315 11:15:25.673" endtime="20200315 11:15:25.754"></status>
</kw>
<kw name="E saio do Website">
<kw name="Close Browser" library="SeleniumLibrary">
<doc>Closes the current browser.</doc>
<status status="PASS" starttime="20200315 11:15:25.755" endtime="20200315 11:15:28.038"></status>
</kw>
<status status="PASS" starttime="20200315 11:15:25.755" endtime="20200315 11:15:28.038"></status>
</kw>
<status status="PASS" starttime="20200315 11:15:20.058" endtime="20200315 11:15:28.038" critical="yes"></status>
</test>
<test id="s1-t3" name="Email deve ser obrigatório">
<kw name="Dado que acesso o Website">
<kw name="Open Browser" library="SeleniumLibrary">
<doc>Opens a new browser instance to the optional ``url``.</doc>
<arguments>
<arg>https://bikelov.herokuapp.com/</arg>
<arg>chrome</arg>
</arguments>
<msg timestamp="20200315 11:15:28.054" level="INFO">Opening browser 'chrome' to base url 'https://bikelov.herokuapp.com/'.</msg>
<status status="PASS" starttime="20200315 11:15:28.054" endtime="20200315 11:15:33.170"></status>
</kw>
<kw name="Set Selenium Implicit Wait" library="SeleniumLibrary">
<doc>Sets the implicit wait value used by Selenium.</doc>
<arguments>
<arg>5</arg>
</arguments>
<status status="PASS" starttime="20200315 11:15:33.170" endtime="20200315 11:15:33.173"></status>
</kw>
<status status="PASS" starttime="20200315 11:15:28.054" endtime="20200315 11:15:33.173"></status>
</kw>
<kw name="Quando eu submeto minha credencial de login &quot;${EMPTY}&quot;">
<kw name="Input Text" library="SeleniumLibrary">
<doc>Types the given ``text`` into the text field identified by ``locator``.</doc>
<arguments>
<arg>id:email</arg>
<arg>${email}</arg>
</arguments>
<msg timestamp="20200315 11:15:33.177" level="INFO">Typing text '' into text field 'id:email'.</msg>
<status status="PASS" starttime="20200315 11:15:33.176" endtime="20200315 11:15:33.338"></status>
</kw>
<kw name="Click Element" library="SeleniumLibrary">
<doc>Click the element identified by ``locator``.</doc>
<arguments>
<arg>xpath://button[contains(text(), 'Entrar')]</arg>
</arguments>
<msg timestamp="20200315 11:15:33.338" level="INFO">Clicking element 'xpath://button[contains(text(), 'Entrar')]'.</msg>
<status status="PASS" starttime="20200315 11:15:33.338" endtime="20200315 11:15:33.420"></status>
</kw>
<status status="PASS" starttime="20200315 11:15:33.174" endtime="20200315 11:15:33.420"></status>
</kw>
<kw name="Então devo ver a mensagem de alerta &quot;Oops. Informe um email válido!&quot;">
<kw name="Element Text Should Be" library="SeleniumLibrary">
<doc>Verifies that element ``locator`` contains exact the text ``expected``.</doc>
<arguments>
<arg>class:alert-dark</arg>
<arg>${expect_message}</arg>
</arguments>
<msg timestamp="20200315 11:15:33.422" level="INFO">Verifying element 'class:alert-dark' contains exact text 'Oops. Informe um email válido!'.</msg>
<status status="PASS" starttime="20200315 11:15:33.421" endtime="20200315 11:15:33.470"></status>
</kw>
<status status="PASS" starttime="20200315 11:15:33.421" endtime="20200315 11:15:33.470"></status>
</kw>
<kw name="E saio do Website">
<kw name="Close Browser" library="SeleniumLibrary">
<doc>Closes the current browser.</doc>
<status status="PASS" starttime="20200315 11:15:33.471" endtime="20200315 11:15:35.912"></status>
</kw>
<status status="PASS" starttime="20200315 11:15:33.471" endtime="20200315 11:15:35.912"></status>
</kw>
<status status="PASS" starttime="20200315 11:15:28.038" endtime="20200315 11:15:35.912" critical="yes"></status>
</test>
<doc>Login
Para que eu possa ter acesso a interface de gestão de anúncios
Sendo um usuário que possui um email
Quero poder iniciar uma nova sessão</doc>
<status status="PASS" starttime="20200315 11:14:55.138" endtime="20200315 11:15:35.912"></status>
</suite>
<statistics>
<total>
<stat pass="3" fail="0">Critical Tests</stat>
<stat pass="3" fail="0">All Tests</stat>
</total>
<tag>
</tag>
<suite>
<stat pass="3" fail="0" id="s1" name="Login">Login</stat>
</suite>
</statistics>
<errors>
</errors>
</robot>
